{"timestamp":"2026-04-16T07:03:41.970Z","method":"POST","endpoint":"/api/v1/auth/login","statusCode":200,"responseTimeMs":462.86,"ip":"::1","userAgent":"axios/1.15.0"}
{"timestamp":"2026-04-16T07:03:42.488Z","method":"GET","endpoint":"/api/v1/auth/me","statusCode":200,"responseTimeMs":108.81,"ip":"::1","userAgent":"Bun/1.3.9"}
{"timestamp":"2026-04-16T07:04:49.054Z","method":"POST","endpoint":"/api/v1/auth/refresh-token","statusCode":400,"responseTimeMs":48.45,"ip":"::1","userAgent":"Bun/1.3.9"}
{"timestamp":"2026-04-16T07:04:49.204Z","method":"GET","endpoint":"/api/v1/auth/me","statusCode":200,"responseTimeMs":201.39,"ip":"::1","userAgent":"Bun/1.3.9"}
{"timestamp":"2026-04-16T07:04:49.313Z","method":"GET","endpoint":"/api/v1/stats","statusCode":200,"responseTimeMs":198.77,"ip":"::1","userAgent":"axios/1.15.0"}
{"timestamp":"2026-04-16T07:06:55.836Z","method":"GET","endpoint":"/api/v1/auth/me","statusCode":200,"responseTimeMs":308.67,"ip":"::1","userAgent":"Bun/1.3.9"}
{"timestamp":"2026-04-16T07:06:55.887Z","method":"POST","endpoint":"/api/v1/auth/refresh-token","statusCode":400,"responseTimeMs":3.79,"ip":"::1","userAgent":"Bun/1.3.9"}
{"timestamp":"2026-04-16T07:06:55.911Z","method":"GET","endpoint":"/api/v1/stats","statusCode":200,"responseTimeMs":22.06,"ip":"::1","userAgent":"axios/1.15.0"}
{"timestamp":"2026-04-16T07:07:16.708Z","method":"GET","endpoint":"/api/v1/auth/me","statusCode":200,"responseTimeMs":349.6,"ip":"::1","userAgent":"Bun/1.3.9"}
{"timestamp":"2026-04-16T07:07:16.760Z","method":"POST","endpoint":"/api/v1/auth/refresh-token","statusCode":400,"responseTimeMs":5.42,"ip":"::1","userAgent":"Bun/1.3.9"}
{"timestamp":"2026-04-16T07:07:16.811Z","method":"GET","endpoint":"/api/v1/stats","statusCode":200,"responseTimeMs":47.46,"ip":"::1","userAgent":"axios/1.15.0"}
{"timestamp":"2026-04-16T07:07:22.012Z","method":"GET","endpoint":"/api/v1/auth/me","statusCode":200,"responseTimeMs":14.02,"ip":"::1","userAgent":"Bun/1.3.9"}
{"timestamp":"2026-04-16T07:07:22.063Z","method":"POST","endpoint":"/api/v1/auth/refresh-token","statusCode":400,"responseTimeMs":4.37,"ip":"::1","userAgent":"Bun/1.3.9"}
{"timestamp":"2026-04-16T07:07:22.093Z","method":"GET","endpoint":"/api/v1/stats","statusCode":200,"responseTimeMs":27.65,"ip":"::1","userAgent":"axios/1.15.0"}
{"timestamp":"2026-04-16T07:07:34.327Z","method":"GET","endpoint":"/api/v1/auth/me","statusCode":200,"responseTimeMs":109.86,"ip":"::1","userAgent":"Bun/1.3.9"}
{"timestamp":"2026-04-16T07:07:34.721Z","method":"GET","endpoint":"/api/v1/auth/me","statusCode":200,"responseTimeMs":13.63,"ip":"::1","userAgent":"Bun/1.3.9"}
{"timestamp":"2026-04-16T07:07:34.727Z","method":"POST","endpoint":"/api/v1/auth/refresh-token","statusCode":400,"responseTimeMs":4.57,"ip":"::1","userAgent":"Bun/1.3.9"}
{"timestamp":"2026-04-16T07:07:34.769Z","method":"GET","endpoint":"/api/v1/stats","statusCode":200,"responseTimeMs":37.42,"ip":"::1","userAgent":"axios/1.15.0"}
{"timestamp":"2026-04-16T07:54:29.682Z","method":"GET","endpoint":"/api/v1/auth/me","statusCode":200,"responseTimeMs":1295.02,"ip":"::1","userAgent":"Bun/1.3.9"}
{"timestamp":"2026-04-16T07:54:32.137Z","method":"POST","endpoint":"/api/v1/auth/refresh-token","statusCode":400,"responseTimeMs":270,"ip":"::1","userAgent":"Bun/1.3.9"}
{"timestamp":"2026-04-16T07:54:32.348Z","method":"GET","endpoint":"/api/v1/stats","statusCode":200,"responseTimeMs":145.44,"ip":"::1","userAgent":"axios/1.15.0"}
{"timestamp":"2026-04-26T05:54:19.124Z","method":"GET","endpoint":"/","statusCode":200,"responseTimeMs":5.51,"ip":"::1","userAgent":"Mozilla/5.0 (Windows NT 10.0; Win64; x64) AppleWebKit/537.36 (KHTML, like Gecko) Chrome/147.0.0.0 Safari/537.36"}
{"timestamp":"2026-04-26T05:54:19.293Z","method":"GET","endpoint":"/favicon.ico","statusCode":404,"responseTimeMs":1.05,"ip":"::1","userAgent":"Mozilla/5.0 (Windows NT 10.0; Win64; x64) AppleWebKit/537.36 (KHTML, like Gecko) Chrome/147.0.0.0 Safari/537.36"}
{"timestamp":"2026-04-26T08:50:41.311Z","method":"GET","endpoint":"/api/v1/rag/stats","statusCode":200,"responseTimeMs":4.75,"ip":"::1","userAgent":"Mozilla/5.0 (Windows NT 10.0; Win64; x64) AppleWebKit/537.36 (KHTML, like Gecko) Chrome/147.0.0.0 Safari/537.36"}
{"timestamp":"2026-04-26T08:50:41.674Z","method":"GET","endpoint":"/favicon.ico","statusCode":404,"responseTimeMs":1.6,"ip":"::1","userAgent":"Mozilla/5.0 (Windows NT 10.0; Win64; x64) AppleWebKit/537.36 (KHTML, like Gecko) Chrome/147.0.0.0 Safari/537.36"}
